<?xml version="1.0" encoding="UTF-8" ?>
<testsuites>
  <testsuite errors="0" failures="0" id="0" name="CalculateTest" package="Calculate" skipped="0" tests="4" time="0.011">
      <properties>
[...]
</properties>

      <testcase classname="Calculate.CalculateTest" name="calculateTestEquivalenceClass" time="0.009" />

      <testcase classname="Calculate.CalculateTest" name="calculateTestBoundaryValue" time="0.001" />

      <testcase classname="Calculate.CalculateTest" name="calculateTestComplex" time="0.001" />

      <testcase classname="Calculate.CalculateTest" name="calculateTestInvalidInput" time="0" />

  </testsuite>
</testsuites>
